#=============================================================================#
#            dieharder version 3.31.1 Copyright 2003 Robert G. Brown          #
#=============================================================================#
   rng_name    |           filename             |rands/second|
 file_input_raw|        dieharder/centrifuge.dat|  1.85e+07  |
#=============================================================================#
        test_name   |ntup| tsamples |psamples|  p-value |Assessment
#=============================================================================#
   diehard_birthdays|   0|       100|     100|0.18975114|  PASSED  
# The file file_input_raw was rewound 1 times
      diehard_operm5|   0|   1000000|     100|0.71077900|  PASSED  
# The file file_input_raw was rewound 2 times
  diehard_rank_32x32|   0|     40000|     100|0.35560032|  PASSED  
# The file file_input_raw was rewound 2 times
    diehard_rank_6x8|   0|    100000|     100|0.53962059|  PASSED  
# The file file_input_raw was rewound 3 times
   diehard_bitstream|   0|   2097152|     100|0.13804329|  PASSED  
# The file file_input_raw was rewound 5 times
        diehard_opso|   0|   2097152|     100|0.01564249|  PASSED  
# The file file_input_raw was rewound 6 times
        diehard_oqso|   0|   2097152|     100|0.33552744|  PASSED  
# The file file_input_raw was rewound 7 times
         diehard_dna|   0|   2097152|     100|0.34320367|  PASSED  
# The file file_input_raw was rewound 7 times
diehard_count_1s_str|   0|    256000|     100|0.78941588|  PASSED  
# The file file_input_raw was rewound 8 times
diehard_count_1s_byt|   0|    256000|     100|0.22602655|  PASSED  
# The file file_input_raw was rewound 8 times
 diehard_parking_lot|   0|     12000|     100|0.45123033|  PASSED  
# The file file_input_raw was rewound 8 times
    diehard_2dsphere|   2|      8000|     100|0.54162493|  PASSED  
# The file file_input_raw was rewound 8 times
    diehard_3dsphere|   3|      4000|     100|0.36600743|  PASSED  
# The file file_input_raw was rewound 10 times
     diehard_squeeze|   0|    100000|     100|0.19637251|  PASSED  
# The file file_input_raw was rewound 10 times
        diehard_sums|   0|       100|     100|0.50148285|  PASSED  
# The file file_input_raw was rewound 10 times
        diehard_runs|   0|    100000|     100|0.88120310|  PASSED  
        diehard_runs|   0|    100000|     100|0.74629911|  PASSED  
# The file file_input_raw was rewound 12 times
       diehard_craps|   0|    200000|     100|0.53050414|  PASSED  
       diehard_craps|   0|    200000|     100|0.00048474|   WEAK   
# The file file_input_raw was rewound 31 times
 marsaglia_tsang_gcd|   0|  10000000|     100|0.02166535|  PASSED  
 marsaglia_tsang_gcd|   0|  10000000|     100|0.12010790|  PASSED  
# The file file_input_raw was rewound 31 times
         sts_monobit|   1|    100000|     100|0.81604684|  PASSED  
# The file file_input_raw was rewound 31 times
            sts_runs|   2|    100000|     100|0.98609342|  PASSED  
# The file file_input_raw was rewound 31 times
          sts_serial|   1|    100000|     100|0.77189558|  PASSED  
          sts_serial|   2|    100000|     100|0.14713217|  PASSED  
          sts_serial|   3|    100000|     100|0.20159058|  PASSED  
          sts_serial|   3|    100000|     100|0.45403432|  PASSED  
          sts_serial|   4|    100000|     100|0.85700879|  PASSED  
          sts_serial|   4|    100000|     100|0.72642296|  PASSED  
          sts_serial|   5|    100000|     100|0.69873187|  PASSED  
          sts_serial|   5|    100000|     100|0.64838195|  PASSED  
          sts_serial|   6|    100000|     100|0.67054871|  PASSED  
          sts_serial|   6|    100000|     100|0.69336629|  PASSED  
          sts_serial|   7|    100000|     100|0.21575000|  PASSED  
          sts_serial|   7|    100000|     100|0.59556901|  PASSED  
          sts_serial|   8|    100000|     100|0.91825743|  PASSED  
          sts_serial|   8|    100000|     100|0.20161137|  PASSED  
          sts_serial|   9|    100000|     100|0.72094070|  PASSED  
          sts_serial|   9|    100000|     100|0.99948009|   WEAK   
          sts_serial|  10|    100000|     100|0.97933820|  PASSED  
          sts_serial|  10|    100000|     100|0.52354085|  PASSED  
          sts_serial|  11|    100000|     100|0.80339804|  PASSED  
          sts_serial|  11|    100000|     100|0.46949713|  PASSED  
          sts_serial|  12|    100000|     100|0.95951975|  PASSED  
          sts_serial|  12|    100000|     100|0.88740076|  PASSED  
          sts_serial|  13|    100000|     100|0.85431296|  PASSED  
          sts_serial|  13|    100000|     100|0.59094348|  PASSED  
          sts_serial|  14|    100000|     100|0.42172604|  PASSED  
          sts_serial|  14|    100000|     100|0.93966951|  PASSED  
          sts_serial|  15|    100000|     100|0.45618741|  PASSED  
          sts_serial|  15|    100000|     100|0.73845980|  PASSED  
          sts_serial|  16|    100000|     100|0.05002937|  PASSED  
          sts_serial|  16|    100000|     100|0.36603853|  PASSED  
# The file file_input_raw was rewound 31 times
         rgb_bitdist|   1|    100000|     100|0.61343709|  PASSED  
# The file file_input_raw was rewound 31 times
         rgb_bitdist|   2|    100000|     100|0.15213288|  PASSED  
# The file file_input_raw was rewound 32 times
         rgb_bitdist|   3|    100000|     100|0.00777792|  PASSED  
# The file file_input_raw was rewound 33 times
         rgb_bitdist|   4|    100000|     100|0.74479611|  PASSED  
# The file file_input_raw was rewound 34 times
         rgb_bitdist|   5|    100000|     100|0.09579763|  PASSED  
# The file file_input_raw was rewound 35 times
         rgb_bitdist|   6|    100000|     100|0.86373224|  PASSED  
# The file file_input_raw was rewound 36 times
         rgb_bitdist|   7|    100000|     100|0.00492635|   WEAK   
# The file file_input_raw was rewound 38 times
         rgb_bitdist|   8|    100000|     100|0.53385938|  PASSED  
# The file file_input_raw was rewound 39 times
         rgb_bitdist|   9|    100000|     100|0.43434281|  PASSED  
# The file file_input_raw was rewound 41 times
         rgb_bitdist|  10|    100000|     100|0.06674469|  PASSED  
# The file file_input_raw was rewound 43 times
         rgb_bitdist|  11|    100000|     100|0.97689859|  PASSED  
# The file file_input_raw was rewound 46 times
         rgb_bitdist|  12|    100000|     100|0.84492684|  PASSED  
# The file file_input_raw was rewound 46 times
rgb_minimum_distance|   2|     10000|    1000|0.87129610|  PASSED  
# The file file_input_raw was rewound 46 times
rgb_minimum_distance|   3|     10000|    1000|0.53359491|  PASSED  
# The file file_input_raw was rewound 47 times
rgb_minimum_distance|   4|     10000|    1000|0.80215550|  PASSED  
# The file file_input_raw was rewound 47 times
rgb_minimum_distance|   5|     10000|    1000|0.46630529|  PASSED  
# The file file_input_raw was rewound 47 times
    rgb_permutations|   2|    100000|     100|0.43163386|  PASSED  
# The file file_input_raw was rewound 48 times
    rgb_permutations|   3|    100000|     100|0.99145075|  PASSED  
# The file file_input_raw was rewound 48 times
    rgb_permutations|   4|    100000|     100|0.84351682|  PASSED  
# The file file_input_raw was rewound 48 times
    rgb_permutations|   5|    100000|     100|0.71168223|  PASSED  
# The file file_input_raw was rewound 49 times
      rgb_lagged_sum|   0|   1000000|     100|0.54240416|  PASSED  
# The file file_input_raw was rewound 51 times
      rgb_lagged_sum|   1|   1000000|     100|0.82843368|  PASSED  
# The file file_input_raw was rewound 54 times
      rgb_lagged_sum|   2|   1000000|     100|0.27395203|  PASSED  
# The file file_input_raw was rewound 58 times
      rgb_lagged_sum|   3|   1000000|     100|0.29871640|  PASSED  
# The file file_input_raw was rewound 63 times
      rgb_lagged_sum|   4|   1000000|     100|0.25217287|  PASSED  
# The file file_input_raw was rewound 68 times
      rgb_lagged_sum|   5|   1000000|     100|0.99805715|   WEAK   
# The file file_input_raw was rewound 75 times
      rgb_lagged_sum|   6|   1000000|     100|0.89273680|  PASSED  
# The file file_input_raw was rewound 83 times
      rgb_lagged_sum|   7|   1000000|     100|0.12175868|  PASSED  
# The file file_input_raw was rewound 91 times
      rgb_lagged_sum|   8|   1000000|     100|0.44447976|  PASSED  
# The file file_input_raw was rewound 101 times
      rgb_lagged_sum|   9|   1000000|     100|0.00010108|   WEAK   
# The file file_input_raw was rewound 111 times
      rgb_lagged_sum|  10|   1000000|     100|0.99234465|  PASSED  
# The file file_input_raw was rewound 123 times
      rgb_lagged_sum|  11|   1000000|     100|0.20823543|  PASSED  
# The file file_input_raw was rewound 135 times
      rgb_lagged_sum|  12|   1000000|     100|0.95005135|  PASSED  
# The file file_input_raw was rewound 149 times
      rgb_lagged_sum|  13|   1000000|     100|0.40065489|  PASSED  
# The file file_input_raw was rewound 163 times
      rgb_lagged_sum|  14|   1000000|     100|0.66730980|  PASSED  
# The file file_input_raw was rewound 178 times
      rgb_lagged_sum|  15|   1000000|     100|0.00030157|   WEAK   
# The file file_input_raw was rewound 194 times
      rgb_lagged_sum|  16|   1000000|     100|0.80844513|  PASSED  
# The file file_input_raw was rewound 211 times
      rgb_lagged_sum|  17|   1000000|     100|0.69290112|  PASSED  
# The file file_input_raw was rewound 230 times
      rgb_lagged_sum|  18|   1000000|     100|0.60081339|  PASSED  
# The file file_input_raw was rewound 249 times
      rgb_lagged_sum|  19|   1000000|     100|0.00000000|  FAILED  
# The file file_input_raw was rewound 269 times
      rgb_lagged_sum|  20|   1000000|     100|0.86019215|  PASSED  
# The file file_input_raw was rewound 290 times
      rgb_lagged_sum|  21|   1000000|     100|0.78120689|  PASSED  
# The file file_input_raw was rewound 312 times
      rgb_lagged_sum|  22|   1000000|     100|0.99763603|   WEAK   
# The file file_input_raw was rewound 335 times
      rgb_lagged_sum|  23|   1000000|     100|0.06913274|  PASSED  
# The file file_input_raw was rewound 358 times
      rgb_lagged_sum|  24|   1000000|     100|0.00368950|   WEAK   
# The file file_input_raw was rewound 383 times
      rgb_lagged_sum|  25|   1000000|     100|0.86233302|  PASSED  
# The file file_input_raw was rewound 409 times
      rgb_lagged_sum|  26|   1000000|     100|0.66267313|  PASSED  
# The file file_input_raw was rewound 436 times
      rgb_lagged_sum|  27|   1000000|     100|0.06949462|  PASSED  
# The file file_input_raw was rewound 463 times
      rgb_lagged_sum|  28|   1000000|     100|0.85791286|  PASSED  
# The file file_input_raw was rewound 492 times
      rgb_lagged_sum|  29|   1000000|     100|0.00000999|   WEAK   
# The file file_input_raw was rewound 521 times
      rgb_lagged_sum|  30|   1000000|     100|0.63265784|  PASSED  
# The file file_input_raw was rewound 552 times
      rgb_lagged_sum|  31|   1000000|     100|0.26584690|  PASSED  
# The file file_input_raw was rewound 583 times
      rgb_lagged_sum|  32|   1000000|     100|0.99749751|   WEAK   
# The file file_input_raw was rewound 584 times
     rgb_kstest_test|   0|     10000|    1000|0.82296944|  PASSED  
# The file file_input_raw was rewound 585 times
     dab_bytedistrib|   0|  51200000|       1|0.47856279|  PASSED  
# The file file_input_raw was rewound 585 times
             dab_dct| 256|     50000|       1|0.24734044|  PASSED  
# The file file_input_raw was rewound 586 times
Preparing to run test 207.  ntuple = 0
        dab_filltree|  32|  15000000|       1|0.78084784|  PASSED  
        dab_filltree|  32|  15000000|       1|0.78720351|  PASSED  
# The file file_input_raw was rewound 586 times
Preparing to run test 208.  ntuple = 0
       dab_filltree2|   0|   5000000|       1|0.96183842|  PASSED  
       dab_filltree2|   1|   5000000|       1|0.11932074|  PASSED  
# The file file_input_raw was rewound 587 times
Preparing to run test 209.  ntuple = 0
        dab_monobit2|  12|  65000000|       1|0.73541915|  PASSED  
