#=============================================================================#
#            dieharder version 3.31.1 Copyright 2003 Robert G. Brown          #
#=============================================================================#
   rng_name    |           filename             |rands/second|
 file_input_raw|           dieharder/earworm.dat|  1.49e+07  |
#=============================================================================#
        test_name   |ntup| tsamples |psamples|  p-value |Assessment
#=============================================================================#
   diehard_birthdays|   0|       100|     100|0.89328732|  PASSED  
# The file file_input_raw was rewound 1 times
      diehard_operm5|   0|   1000000|     100|0.96925747|  PASSED  
# The file file_input_raw was rewound 2 times
  diehard_rank_32x32|   0|     40000|     100|0.59980748|  PASSED  
# The file file_input_raw was rewound 2 times
    diehard_rank_6x8|   0|    100000|     100|0.85138824|  PASSED  
# The file file_input_raw was rewound 3 times
   diehard_bitstream|   0|   2097152|     100|0.91232487|  PASSED  
# The file file_input_raw was rewound 5 times
        diehard_opso|   0|   2097152|     100|0.38758753|  PASSED  
# The file file_input_raw was rewound 6 times
        diehard_oqso|   0|   2097152|     100|0.06008321|  PASSED  
# The file file_input_raw was rewound 7 times
         diehard_dna|   0|   2097152|     100|0.16374681|  PASSED  
# The file file_input_raw was rewound 7 times
diehard_count_1s_str|   0|    256000|     100|0.11026819|  PASSED  
# The file file_input_raw was rewound 8 times
diehard_count_1s_byt|   0|    256000|     100|0.34867764|  PASSED  
# The file file_input_raw was rewound 8 times
 diehard_parking_lot|   0|     12000|     100|0.42137346|  PASSED  
# The file file_input_raw was rewound 8 times
    diehard_2dsphere|   2|      8000|     100|0.98478720|  PASSED  
# The file file_input_raw was rewound 8 times
    diehard_3dsphere|   3|      4000|     100|0.78219993|  PASSED  
# The file file_input_raw was rewound 10 times
     diehard_squeeze|   0|    100000|     100|0.95521199|  PASSED  
# The file file_input_raw was rewound 10 times
        diehard_sums|   0|       100|     100|0.03060947|  PASSED  
# The file file_input_raw was rewound 10 times
        diehard_runs|   0|    100000|     100|0.87341673|  PASSED  
        diehard_runs|   0|    100000|     100|0.93201673|  PASSED  
# The file file_input_raw was rewound 12 times
       diehard_craps|   0|    200000|     100|0.80002751|  PASSED  
       diehard_craps|   0|    200000|     100|0.65631407|  PASSED  
# The file file_input_raw was rewound 31 times
 marsaglia_tsang_gcd|   0|  10000000|     100|0.00082454|   WEAK   
 marsaglia_tsang_gcd|   0|  10000000|     100|0.68398103|  PASSED  
# The file file_input_raw was rewound 31 times
         sts_monobit|   1|    100000|     100|0.40668019|  PASSED  
# The file file_input_raw was rewound 31 times
            sts_runs|   2|    100000|     100|0.87430821|  PASSED  
# The file file_input_raw was rewound 31 times
          sts_serial|   1|    100000|     100|0.51192205|  PASSED  
          sts_serial|   2|    100000|     100|0.95779242|  PASSED  
          sts_serial|   3|    100000|     100|0.42492387|  PASSED  
          sts_serial|   3|    100000|     100|0.83771074|  PASSED  
          sts_serial|   4|    100000|     100|0.94330324|  PASSED  
          sts_serial|   4|    100000|     100|0.11619308|  PASSED  
          sts_serial|   5|    100000|     100|0.88136287|  PASSED  
          sts_serial|   5|    100000|     100|0.67426842|  PASSED  
          sts_serial|   6|    100000|     100|0.05821523|  PASSED  
          sts_serial|   6|    100000|     100|0.93993199|  PASSED  
          sts_serial|   7|    100000|     100|0.97829449|  PASSED  
          sts_serial|   7|    100000|     100|0.91253633|  PASSED  
          sts_serial|   8|    100000|     100|0.66586150|  PASSED  
          sts_serial|   8|    100000|     100|0.46529942|  PASSED  
          sts_serial|   9|    100000|     100|0.95251818|  PASSED  
          sts_serial|   9|    100000|     100|0.54116713|  PASSED  
          sts_serial|  10|    100000|     100|0.89772611|  PASSED  
          sts_serial|  10|    100000|     100|0.42668195|  PASSED  
          sts_serial|  11|    100000|     100|0.76804762|  PASSED  
          sts_serial|  11|    100000|     100|0.29492745|  PASSED  
          sts_serial|  12|    100000|     100|0.78488348|  PASSED  
          sts_serial|  12|    100000|     100|0.99644314|   WEAK   
          sts_serial|  13|    100000|     100|0.91534220|  PASSED  
          sts_serial|  13|    100000|     100|0.62602328|  PASSED  
          sts_serial|  14|    100000|     100|0.08141964|  PASSED  
          sts_serial|  14|    100000|     100|0.05701793|  PASSED  
          sts_serial|  15|    100000|     100|0.15741204|  PASSED  
          sts_serial|  15|    100000|     100|0.94818426|  PASSED  
          sts_serial|  16|    100000|     100|0.53017722|  PASSED  
          sts_serial|  16|    100000|     100|0.96725586|  PASSED  
# The file file_input_raw was rewound 31 times
         rgb_bitdist|   1|    100000|     100|0.44826394|  PASSED  
# The file file_input_raw was rewound 31 times
         rgb_bitdist|   2|    100000|     100|0.95609368|  PASSED  
# The file file_input_raw was rewound 32 times
         rgb_bitdist|   3|    100000|     100|0.85093675|  PASSED  
# The file file_input_raw was rewound 33 times
         rgb_bitdist|   4|    100000|     100|0.92194788|  PASSED  
# The file file_input_raw was rewound 34 times
         rgb_bitdist|   5|    100000|     100|0.96935297|  PASSED  
# The file file_input_raw was rewound 35 times
         rgb_bitdist|   6|    100000|     100|0.85144407|  PASSED  
# The file file_input_raw was rewound 36 times
         rgb_bitdist|   7|    100000|     100|0.97844389|  PASSED  
# The file file_input_raw was rewound 38 times
         rgb_bitdist|   8|    100000|     100|0.01731032|  PASSED  
# The file file_input_raw was rewound 39 times
         rgb_bitdist|   9|    100000|     100|0.92055505|  PASSED  
# The file file_input_raw was rewound 41 times
         rgb_bitdist|  10|    100000|     100|0.99835757|   WEAK   
# The file file_input_raw was rewound 43 times
         rgb_bitdist|  11|    100000|     100|0.79734467|  PASSED  
# The file file_input_raw was rewound 46 times
         rgb_bitdist|  12|    100000|     100|0.80737433|  PASSED  
# The file file_input_raw was rewound 46 times
rgb_minimum_distance|   2|     10000|    1000|0.46955137|  PASSED  
# The file file_input_raw was rewound 46 times
rgb_minimum_distance|   3|     10000|    1000|0.86348111|  PASSED  
# The file file_input_raw was rewound 47 times
rgb_minimum_distance|   4|     10000|    1000|0.72226635|  PASSED  
# The file file_input_raw was rewound 47 times
rgb_minimum_distance|   5|     10000|    1000|0.08721605|  PASSED  
# The file file_input_raw was rewound 47 times
    rgb_permutations|   2|    100000|     100|0.10190143|  PASSED  
# The file file_input_raw was rewound 48 times
    rgb_permutations|   3|    100000|     100|0.65376319|  PASSED  
# The file file_input_raw was rewound 48 times
    rgb_permutations|   4|    100000|     100|0.05323400|  PASSED  
# The file file_input_raw was rewound 48 times
    rgb_permutations|   5|    100000|     100|0.16437621|  PASSED  
# The file file_input_raw was rewound 49 times
      rgb_lagged_sum|   0|   1000000|     100|0.06154478|  PASSED  
# The file file_input_raw was rewound 51 times
      rgb_lagged_sum|   1|   1000000|     100|0.05650726|  PASSED  
# The file file_input_raw was rewound 54 times
      rgb_lagged_sum|   2|   1000000|     100|0.42205320|  PASSED  
# The file file_input_raw was rewound 58 times
      rgb_lagged_sum|   3|   1000000|     100|0.14263467|  PASSED  
# The file file_input_raw was rewound 63 times
      rgb_lagged_sum|   4|   1000000|     100|0.00000004|  FAILED  
# The file file_input_raw was rewound 68 times
      rgb_lagged_sum|   5|   1000000|     100|0.53807158|  PASSED  
# The file file_input_raw was rewound 75 times
      rgb_lagged_sum|   6|   1000000|     100|0.21159241|  PASSED  
# The file file_input_raw was rewound 83 times
      rgb_lagged_sum|   7|   1000000|     100|0.86764244|  PASSED  
# The file file_input_raw was rewound 91 times
      rgb_lagged_sum|   8|   1000000|     100|0.13148539|  PASSED  
# The file file_input_raw was rewound 101 times
      rgb_lagged_sum|   9|   1000000|     100|0.01571851|  PASSED  
# The file file_input_raw was rewound 111 times
      rgb_lagged_sum|  10|   1000000|     100|0.59646865|  PASSED  
# The file file_input_raw was rewound 123 times
      rgb_lagged_sum|  11|   1000000|     100|0.08845254|  PASSED  
# The file file_input_raw was rewound 135 times
      rgb_lagged_sum|  12|   1000000|     100|0.28718057|  PASSED  
# The file file_input_raw was rewound 149 times
      rgb_lagged_sum|  13|   1000000|     100|0.06098303|  PASSED  
# The file file_input_raw was rewound 163 times
      rgb_lagged_sum|  14|   1000000|     100|0.00000476|   WEAK   
# The file file_input_raw was rewound 178 times
      rgb_lagged_sum|  15|   1000000|     100|0.79345037|  PASSED  
# The file file_input_raw was rewound 194 times
      rgb_lagged_sum|  16|   1000000|     100|0.18566603|  PASSED  
# The file file_input_raw was rewound 211 times
      rgb_lagged_sum|  17|   1000000|     100|0.07153408|  PASSED  
# The file file_input_raw was rewound 230 times
      rgb_lagged_sum|  18|   1000000|     100|0.11077154|  PASSED  
# The file file_input_raw was rewound 249 times
      rgb_lagged_sum|  19|   1000000|     100|0.00008921|   WEAK   
# The file file_input_raw was rewound 269 times
      rgb_lagged_sum|  20|   1000000|     100|0.17602806|  PASSED  
# The file file_input_raw was rewound 290 times
      rgb_lagged_sum|  21|   1000000|     100|0.30414099|  PASSED  
# The file file_input_raw was rewound 312 times
      rgb_lagged_sum|  22|   1000000|     100|0.54932808|  PASSED  
# The file file_input_raw was rewound 335 times
      rgb_lagged_sum|  23|   1000000|     100|0.11898810|  PASSED  
# The file file_input_raw was rewound 358 times
      rgb_lagged_sum|  24|   1000000|     100|0.00000071|  FAILED  
# The file file_input_raw was rewound 383 times
      rgb_lagged_sum|  25|   1000000|     100|0.28311690|  PASSED  
# The file file_input_raw was rewound 409 times
      rgb_lagged_sum|  26|   1000000|     100|0.30417477|  PASSED  
# The file file_input_raw was rewound 436 times
      rgb_lagged_sum|  27|   1000000|     100|0.01312514|  PASSED  
# The file file_input_raw was rewound 463 times
      rgb_lagged_sum|  28|   1000000|     100|0.06140591|  PASSED  
# The file file_input_raw was rewound 492 times
      rgb_lagged_sum|  29|   1000000|     100|0.00001503|   WEAK   
# The file file_input_raw was rewound 521 times
      rgb_lagged_sum|  30|   1000000|     100|0.63060339|  PASSED  
# The file file_input_raw was rewound 552 times
      rgb_lagged_sum|  31|   1000000|     100|0.00092563|   WEAK   
# The file file_input_raw was rewound 583 times
      rgb_lagged_sum|  32|   1000000|     100|0.69202933|  PASSED  
# The file file_input_raw was rewound 584 times
     rgb_kstest_test|   0|     10000|    1000|0.26638790|  PASSED  
# The file file_input_raw was rewound 585 times
     dab_bytedistrib|   0|  51200000|       1|0.32346768|  PASSED  
# The file file_input_raw was rewound 585 times
             dab_dct| 256|     50000|       1|0.63177768|  PASSED  
# The file file_input_raw was rewound 586 times
Preparing to run test 207.  ntuple = 0
        dab_filltree|  32|  15000000|       1|0.81738466|  PASSED  
        dab_filltree|  32|  15000000|       1|0.95508465|  PASSED  
# The file file_input_raw was rewound 586 times
Preparing to run test 208.  ntuple = 0
       dab_filltree2|   0|   5000000|       1|0.59241297|  PASSED  
       dab_filltree2|   1|   5000000|       1|0.36154547|  PASSED  
# The file file_input_raw was rewound 587 times
Preparing to run test 209.  ntuple = 0
        dab_monobit2|  12|  65000000|       1|0.30543220|  PASSED  
