#=============================================================================#
#            dieharder version 3.31.1 Copyright 2003 Robert G. Brown          #
#=============================================================================#
   rng_name    |           filename             |rands/second|
 file_input_raw|           dieharder/schvrch.dat|  1.47e+07  |
#=============================================================================#
        test_name   |ntup| tsamples |psamples|  p-value |Assessment
#=============================================================================#
   diehard_birthdays|   0|       100|     100|0.64987656|  PASSED  
# The file file_input_raw was rewound 1 times
      diehard_operm5|   0|   1000000|     100|0.53662129|  PASSED  
# The file file_input_raw was rewound 2 times
  diehard_rank_32x32|   0|     40000|     100|0.63000821|  PASSED  
# The file file_input_raw was rewound 2 times
    diehard_rank_6x8|   0|    100000|     100|0.93904834|  PASSED  
# The file file_input_raw was rewound 3 times
   diehard_bitstream|   0|   2097152|     100|0.61897631|  PASSED  
# The file file_input_raw was rewound 5 times
        diehard_opso|   0|   2097152|     100|0.01061052|  PASSED  
# The file file_input_raw was rewound 6 times
        diehard_oqso|   0|   2097152|     100|0.71712316|  PASSED  
# The file file_input_raw was rewound 7 times
         diehard_dna|   0|   2097152|     100|0.69537380|  PASSED  
# The file file_input_raw was rewound 7 times
diehard_count_1s_str|   0|    256000|     100|0.74377829|  PASSED  
# The file file_input_raw was rewound 8 times
diehard_count_1s_byt|   0|    256000|     100|0.94780916|  PASSED  
# The file file_input_raw was rewound 8 times
 diehard_parking_lot|   0|     12000|     100|0.56923274|  PASSED  
# The file file_input_raw was rewound 8 times
    diehard_2dsphere|   2|      8000|     100|0.99998516|   WEAK   
# The file file_input_raw was rewound 8 times
    diehard_3dsphere|   3|      4000|     100|0.93726318|  PASSED  
# The file file_input_raw was rewound 10 times
     diehard_squeeze|   0|    100000|     100|0.61256859|  PASSED  
# The file file_input_raw was rewound 10 times
        diehard_sums|   0|       100|     100|0.42822820|  PASSED  
# The file file_input_raw was rewound 10 times
        diehard_runs|   0|    100000|     100|0.91626311|  PASSED  
        diehard_runs|   0|    100000|     100|0.35567675|  PASSED  
# The file file_input_raw was rewound 12 times
       diehard_craps|   0|    200000|     100|0.05724631|  PASSED  
       diehard_craps|   0|    200000|     100|0.05118639|  PASSED  
# The file file_input_raw was rewound 31 times
 marsaglia_tsang_gcd|   0|  10000000|     100|0.57357172|  PASSED  
 marsaglia_tsang_gcd|   0|  10000000|     100|0.00000000|  FAILED  
# The file file_input_raw was rewound 31 times
         sts_monobit|   1|    100000|     100|0.88539823|  PASSED  
# The file file_input_raw was rewound 31 times
            sts_runs|   2|    100000|     100|0.83315607|  PASSED  
# The file file_input_raw was rewound 31 times
          sts_serial|   1|    100000|     100|0.95825034|  PASSED  
          sts_serial|   2|    100000|     100|0.87330976|  PASSED  
          sts_serial|   3|    100000|     100|0.69857648|  PASSED  
          sts_serial|   3|    100000|     100|0.79899579|  PASSED  
          sts_serial|   4|    100000|     100|0.50163684|  PASSED  
          sts_serial|   4|    100000|     100|0.58983634|  PASSED  
          sts_serial|   5|    100000|     100|0.03008509|  PASSED  
          sts_serial|   5|    100000|     100|0.26614335|  PASSED  
          sts_serial|   6|    100000|     100|0.07382288|  PASSED  
          sts_serial|   6|    100000|     100|0.28058227|  PASSED  
          sts_serial|   7|    100000|     100|0.16425626|  PASSED  
          sts_serial|   7|    100000|     100|0.53456117|  PASSED  
          sts_serial|   8|    100000|     100|0.12718112|  PASSED  
          sts_serial|   8|    100000|     100|0.11456290|  PASSED  
          sts_serial|   9|    100000|     100|0.47424087|  PASSED  
          sts_serial|   9|    100000|     100|0.48622278|  PASSED  
          sts_serial|  10|    100000|     100|0.79418998|  PASSED  
          sts_serial|  10|    100000|     100|0.46278292|  PASSED  
          sts_serial|  11|    100000|     100|0.28880777|  PASSED  
          sts_serial|  11|    100000|     100|0.74244544|  PASSED  
          sts_serial|  12|    100000|     100|0.87833382|  PASSED  
          sts_serial|  12|    100000|     100|0.97060796|  PASSED  
          sts_serial|  13|    100000|     100|0.78038749|  PASSED  
          sts_serial|  13|    100000|     100|0.47969798|  PASSED  
          sts_serial|  14|    100000|     100|0.58613098|  PASSED  
          sts_serial|  14|    100000|     100|0.69830310|  PASSED  
          sts_serial|  15|    100000|     100|0.55123744|  PASSED  
          sts_serial|  15|    100000|     100|0.51253323|  PASSED  
          sts_serial|  16|    100000|     100|0.67680693|  PASSED  
          sts_serial|  16|    100000|     100|0.80934918|  PASSED  
# The file file_input_raw was rewound 31 times
         rgb_bitdist|   1|    100000|     100|0.20242764|  PASSED  
# The file file_input_raw was rewound 31 times
         rgb_bitdist|   2|    100000|     100|0.59812149|  PASSED  
# The file file_input_raw was rewound 32 times
         rgb_bitdist|   3|    100000|     100|0.73321898|  PASSED  
# The file file_input_raw was rewound 33 times
         rgb_bitdist|   4|    100000|     100|0.60215008|  PASSED  
# The file file_input_raw was rewound 34 times
         rgb_bitdist|   5|    100000|     100|0.82185133|  PASSED  
# The file file_input_raw was rewound 35 times
         rgb_bitdist|   6|    100000|     100|0.90863053|  PASSED  
# The file file_input_raw was rewound 36 times
         rgb_bitdist|   7|    100000|     100|0.49081600|  PASSED  
# The file file_input_raw was rewound 38 times
         rgb_bitdist|   8|    100000|     100|0.66796773|  PASSED  
# The file file_input_raw was rewound 39 times
         rgb_bitdist|   9|    100000|     100|0.31904799|  PASSED  
# The file file_input_raw was rewound 41 times
         rgb_bitdist|  10|    100000|     100|0.41780530|  PASSED  
# The file file_input_raw was rewound 43 times
         rgb_bitdist|  11|    100000|     100|0.74757545|  PASSED  
# The file file_input_raw was rewound 46 times
         rgb_bitdist|  12|    100000|     100|0.19943709|  PASSED  
# The file file_input_raw was rewound 46 times
rgb_minimum_distance|   2|     10000|    1000|0.09145534|  PASSED  
# The file file_input_raw was rewound 46 times
rgb_minimum_distance|   3|     10000|    1000|0.10247690|  PASSED  
# The file file_input_raw was rewound 47 times
rgb_minimum_distance|   4|     10000|    1000|0.02145960|  PASSED  
# The file file_input_raw was rewound 47 times
rgb_minimum_distance|   5|     10000|    1000|0.49271443|  PASSED  
# The file file_input_raw was rewound 47 times
    rgb_permutations|   2|    100000|     100|0.33441642|  PASSED  
# The file file_input_raw was rewound 48 times
    rgb_permutations|   3|    100000|     100|0.87927643|  PASSED  
# The file file_input_raw was rewound 48 times
    rgb_permutations|   4|    100000|     100|0.89488136|  PASSED  
# The file file_input_raw was rewound 48 times
    rgb_permutations|   5|    100000|     100|0.52275167|  PASSED  
# The file file_input_raw was rewound 49 times
      rgb_lagged_sum|   0|   1000000|     100|0.91563040|  PASSED  
# The file file_input_raw was rewound 51 times
      rgb_lagged_sum|   1|   1000000|     100|0.88210475|  PASSED  
# The file file_input_raw was rewound 54 times
      rgb_lagged_sum|   2|   1000000|     100|0.58108616|  PASSED  
# The file file_input_raw was rewound 58 times
      rgb_lagged_sum|   3|   1000000|     100|0.84633324|  PASSED  
# The file file_input_raw was rewound 63 times
      rgb_lagged_sum|   4|   1000000|     100|0.11286128|  PASSED  
# The file file_input_raw was rewound 68 times
      rgb_lagged_sum|   5|   1000000|     100|0.63773116|  PASSED  
# The file file_input_raw was rewound 75 times
      rgb_lagged_sum|   6|   1000000|     100|0.57711825|  PASSED  
# The file file_input_raw was rewound 83 times
      rgb_lagged_sum|   7|   1000000|     100|0.00175133|   WEAK   
# The file file_input_raw was rewound 91 times
      rgb_lagged_sum|   8|   1000000|     100|0.79929330|  PASSED  
# The file file_input_raw was rewound 101 times
      rgb_lagged_sum|   9|   1000000|     100|0.04409369|  PASSED  
# The file file_input_raw was rewound 111 times
      rgb_lagged_sum|  10|   1000000|     100|0.70809352|  PASSED  
# The file file_input_raw was rewound 123 times
      rgb_lagged_sum|  11|   1000000|     100|0.08608531|  PASSED  
# The file file_input_raw was rewound 135 times
      rgb_lagged_sum|  12|   1000000|     100|0.69308430|  PASSED  
# The file file_input_raw was rewound 149 times
      rgb_lagged_sum|  13|   1000000|     100|0.40470014|  PASSED  
# The file file_input_raw was rewound 163 times
      rgb_lagged_sum|  14|   1000000|     100|0.06690447|  PASSED  
# The file file_input_raw was rewound 178 times
      rgb_lagged_sum|  15|   1000000|     100|0.04292084|  PASSED  
# The file file_input_raw was rewound 194 times
      rgb_lagged_sum|  16|   1000000|     100|0.23313293|  PASSED  
# The file file_input_raw was rewound 211 times
      rgb_lagged_sum|  17|   1000000|     100|0.76136741|  PASSED  
# The file file_input_raw was rewound 230 times
      rgb_lagged_sum|  18|   1000000|     100|0.89808985|  PASSED  
# The file file_input_raw was rewound 249 times
      rgb_lagged_sum|  19|   1000000|     100|0.15783091|  PASSED  
# The file file_input_raw was rewound 269 times
      rgb_lagged_sum|  20|   1000000|     100|0.82949963|  PASSED  
# The file file_input_raw was rewound 290 times
      rgb_lagged_sum|  21|   1000000|     100|0.34285171|  PASSED  
# The file file_input_raw was rewound 312 times
      rgb_lagged_sum|  22|   1000000|     100|0.68049018|  PASSED  
# The file file_input_raw was rewound 335 times
      rgb_lagged_sum|  23|   1000000|     100|0.01699950|  PASSED  
# The file file_input_raw was rewound 358 times
      rgb_lagged_sum|  24|   1000000|     100|0.47190924|  PASSED  
# The file file_input_raw was rewound 383 times
      rgb_lagged_sum|  25|   1000000|     100|0.32628453|  PASSED  
# The file file_input_raw was rewound 409 times
      rgb_lagged_sum|  26|   1000000|     100|0.92360974|  PASSED  
# The file file_input_raw was rewound 436 times
      rgb_lagged_sum|  27|   1000000|     100|0.18272868|  PASSED  
# The file file_input_raw was rewound 463 times
      rgb_lagged_sum|  28|   1000000|     100|0.61965801|  PASSED  
# The file file_input_raw was rewound 492 times
      rgb_lagged_sum|  29|   1000000|     100|0.03362240|  PASSED  
# The file file_input_raw was rewound 521 times
      rgb_lagged_sum|  30|   1000000|     100|0.90832191|  PASSED  
# The file file_input_raw was rewound 552 times
      rgb_lagged_sum|  31|   1000000|     100|0.00000000|  FAILED  
# The file file_input_raw was rewound 583 times
      rgb_lagged_sum|  32|   1000000|     100|0.58956706|  PASSED  
# The file file_input_raw was rewound 584 times
     rgb_kstest_test|   0|     10000|    1000|0.85394453|  PASSED  
# The file file_input_raw was rewound 585 times
     dab_bytedistrib|   0|  51200000|       1|0.28707962|  PASSED  
# The file file_input_raw was rewound 585 times
             dab_dct| 256|     50000|       1|0.44261024|  PASSED  
# The file file_input_raw was rewound 586 times
Preparing to run test 207.  ntuple = 0
        dab_filltree|  32|  15000000|       1|0.09419946|  PASSED  
        dab_filltree|  32|  15000000|       1|0.95164855|  PASSED  
# The file file_input_raw was rewound 586 times
Preparing to run test 208.  ntuple = 0
       dab_filltree2|   0|   5000000|       1|0.49260971|  PASSED  
       dab_filltree2|   1|   5000000|       1|0.18764587|  PASSED  
# The file file_input_raw was rewound 587 times
Preparing to run test 209.  ntuple = 0
        dab_monobit2|  12|  65000000|       1|0.99205616|  PASSED  
